# JRE version: Java(TM) SE Runtime Environment (11.0.2+9) (build 11.0.2+9-LTS)
# Java VM: Java HotSpot(TM) 64-Bit Server VM (11.0.2+9-LTS, mixed mode, tiered, compressed oops, g1 gc, windows-amd64)
Heap:
 garbage-first heap   total 190464K, used 30042K [0x0000000081600000, 0x0000000100000000)
  region size 1024K, 9 young (9216K), 8 survivors (8192K)
 Metaspace       used 58209K, capacity 59819K, committed 59900K, reserved 1101824K
  class space    used 7620K, capacity 8287K, committed 8320K, reserved 1048576K
GC Heap History (10 events):
Event: 2.517 GC heap before
{Heap before GC invocations=5 (full 0):
 garbage-first heap   total 131072K, used 74536K [0x0000000081600000, 0x0000000100000000)
  region size 1024K, 68 young (69632K), 4 survivors (4096K)
 Metaspace       used 28602K, capacity 29458K, committed 29616K, reserved 1075200K
  class space    used 3493K, capacity 3830K, committed 3840K, reserved 1048576K
}
Event: 2.524 GC heap after
{Heap after GC invocations=6 (full 0):
 garbage-first heap   total 158720K, used 12875K [0x0000000081600000, 0x0000000100000000)
  region size 1024K, 7 young (7168K), 7 survivors (7168K)
 Metaspace       used 28602K, capacity 29458K, committed 29616K, reserved 1075200K
  class space    used 3493K, capacity 3830K, committed 3840K, reserved 1048576K
}
Event: 3.315 GC heap before
{Heap before GC invocations=6 (full 0):
 garbage-first heap   total 158720K, used 90699K [0x0000000081600000, 0x0000000100000000)
  region size 1024K, 84 young (86016K), 7 survivors (7168K)
 Metaspace       used 34405K, capacity 35633K, committed 35708K, reserved 1081344K
  class space    used 4343K, capacity 4811K, committed 4864K, reserved 1048576K
}
Event: 3.331 GC heap after
{Heap after GC invocations=7 (full 0):
 garbage-first heap   total 158720K, used 16721K [0x0000000081600000, 0x0000000100000000)
  region size 1024K, 10 young (10240K), 10 survivors (10240K)
 Metaspace       used 34405K, capacity 35633K, committed 35708K, reserved 1081344K
  class space    used 4343K, capacity 4811K, committed 4864K, reserved 1048576K
}
Event: 3.684 GC heap before
{Heap before GC invocations=8 (full 0):
 garbage-first heap   total 158720K, used 100689K [0x0000000081600000, 0x0000000100000000)
  region size 1024K, 93 young (95232K), 10 survivors (10240K)
 Metaspace       used 37240K, capacity 38456K, committed 38652K, reserved 1083392K
  class space    used 4665K, capacity 5130K, committed 5248K, reserved 1048576K
}
Event: 3.696 GC heap after
{Heap after GC invocations=9 (full 0):
 garbage-first heap   total 158720K, used 22015K [0x0000000081600000, 0x0000000100000000)
  region size 1024K, 10 young (10240K), 10 survivors (10240K)
 Metaspace       used 37240K, capacity 38456K, committed 38652K, reserved 1083392K
  class space    used 4665K, capacity 5130K, committed 5248K, reserved 1048576K
}
Event: 4.515 GC heap before
{Heap before GC invocations=9 (full 0):
 garbage-first heap   total 158720K, used 105983K [0x0000000081600000, 0x0000000100000000)
  region size 1024K, 93 young (95232K), 10 survivors (10240K)
 Metaspace       used 48033K, capacity 49312K, committed 49532K, reserved 1091584K
  class space    used 6136K, capacity 6635K, committed 6656K, reserved 1048576K
}
Event: 4.523 GC heap after
{Heap after GC invocations=10 (full 0):
 garbage-first heap   total 158720K, used 26062K [0x0000000081600000, 0x0000000100000000)
  region size 1024K, 10 young (10240K), 10 survivors (10240K)
 Metaspace       used 48033K, capacity 49312K, committed 49532K, reserved 1091584K
  class space    used 6136K, capacity 6635K, committed 6656K, reserved 1048576K
}
Event: 5.477 GC heap before
{Heap before GC invocations=10 (full 0):
 garbage-first heap   total 158720K, used 111054K [0x0000000081600000, 0x0000000100000000)
  region size 1024K, 93 young (95232K), 10 survivors (10240K)
 Metaspace       used 58152K, capacity 59755K, committed 59900K, reserved 1101824K
  class space    used 7616K, capacity 8287K, committed 8320K, reserved 1048576K
}
Event: 5.487 GC heap after
{Heap after GC invocations=11 (full 0):
 garbage-first heap   total 190464K, used 30042K [0x0000000081600000, 0x0000000100000000)
  region size 1024K, 8 young (8192K), 8 survivors (8192K)
 Metaspace       used 58152K, capacity 59755K, committed 59900K, reserved 1101824K
  class space    used 7616K, capacity 8287K, committed 8320K, reserved 1048576K
}

